<?xml version="1.0" encoding="UTF-8"?>
<!-- Generated by org.testng.reporters.JUnitReportReporter -->
<testsuite hostname="DESKTOP-629M49U" failures="0" tests="2" name="qaclickacedemy.SleniumTest" time="6.918" errors="0" timestamp="2019-03-07T14:01:58 EST" skipped="0">
  <testcase classname="qaclickacedemy.SleniumTest" name="ElementsUi" time="0.000"/>
  <testcase classname="qaclickacedemy.SleniumTest" name="BrowserAutomation" time="6.918"/>
</testsuite> <!-- qaclickacedemy.SleniumTest -->
