<?xml version="1.0" encoding="UTF-8"?>
<!-- Generated by org.testng.reporters.JUnitReportReporter -->
<testsuite hostname="DESKTOP-629M49U" failures="0" tests="2" name="qaclickacedemy.AppiumTest" time="0.001" errors="0" timestamp="2019-03-07T13:48:35 EST" skipped="0">
  <testcase classname="qaclickacedemy.AppiumTest" name="NativeAppAndroid" time="0.000"/>
  <testcase classname="qaclickacedemy.AppiumTest" name="IOSApp" time="0.001"/>
</testsuite> <!-- qaclickacedemy.AppiumTest -->
