<?xml version="1.0" encoding="UTF-8"?>
<!-- Generated by org.testng.reporters.JUnitReportReporter -->
<testsuite hostname="DESKTOP-629M49U" failures="0" tests="2" name="qaclickacedemy.RESTAPITest" time="0.001" errors="0" timestamp="2019-03-07T14:01:58 EST" skipped="0">
  <testcase classname="qaclickacedemy.RESTAPITest" name="DeleteTwitter" time="0.001"/>
  <testcase classname="qaclickacedemy.RESTAPITest" name="PostJira" time="0.000"/>
</testsuite> <!-- qaclickacedemy.RESTAPITest -->
